2024-08-11T20:21:57,811 - CPUUtilization.Percent:20.0|#Level:Host|#hostname:guys-MacBook-Pro.local,timestamp:1723396917
2024-08-11T20:21:57,811 - DiskAvailable.Gigabytes:703.5748405456543|#Level:Host|#hostname:guys-MacBook-Pro.local,timestamp:1723396917
2024-08-11T20:21:57,812 - DiskUsage.Gigabytes:13.47397232055664|#Level:Host|#hostname:guys-MacBook-Pro.local,timestamp:1723396917
2024-08-11T20:21:57,813 - DiskUtilization.Percent:1.9|#Level:Host|#hostname:guys-MacBook-Pro.local,timestamp:1723396917
2024-08-11T20:21:57,813 - MemoryAvailable.Megabytes:5614.28515625|#Level:Host|#hostname:guys-MacBook-Pro.local,timestamp:1723396917
2024-08-11T20:21:57,813 - MemoryUsed.Megabytes:8407.11328125|#Level:Host|#hostname:guys-MacBook-Pro.local,timestamp:1723396917
2024-08-11T20:21:57,814 - MemoryUtilization.Percent:65.7|#Level:Host|#hostname:guys-MacBook-Pro.local,timestamp:1723396917
2024-08-11T20:22:32,517 - WorkerLoadTime.Milliseconds:35196.0|#WorkerName:W-9010-mobilenet_v3_1.0,Level:Host|#hostname:guys-MacBook-Pro.local,timestamp:1723396952
2024-08-11T20:22:32,517 - WorkerLoadTime.Milliseconds:35196.0|#WorkerName:W-9015-mobilenet_v3_1.0,Level:Host|#hostname:guys-MacBook-Pro.local,timestamp:1723396952
2024-08-11T20:22:32,517 - WorkerLoadTime.Milliseconds:35197.0|#WorkerName:W-9012-mobilenet_v3_1.0,Level:Host|#hostname:guys-MacBook-Pro.local,timestamp:1723396952
2024-08-11T20:22:32,517 - WorkerLoadTime.Milliseconds:35199.0|#WorkerName:W-9003-mobilenet_v3_1.0,Level:Host|#hostname:guys-MacBook-Pro.local,timestamp:1723396952
2024-08-11T20:22:32,517 - WorkerThreadTime.Milliseconds:6.0|#Level:Host|#hostname:guys-MacBook-Pro.local,timestamp:1723396952
2024-08-11T20:22:32,517 - WorkerLoadTime.Milliseconds:35199.0|#WorkerName:W-9001-mobilenet_v3_1.0,Level:Host|#hostname:guys-MacBook-Pro.local,timestamp:1723396952
2024-08-11T20:22:32,517 - WorkerLoadTime.Milliseconds:35198.0|#WorkerName:W-9004-mobilenet_v3_1.0,Level:Host|#hostname:guys-MacBook-Pro.local,timestamp:1723396952
2024-08-11T20:22:32,517 - WorkerLoadTime.Milliseconds:35198.0|#WorkerName:W-9008-mobilenet_v3_1.0,Level:Host|#hostname:guys-MacBook-Pro.local,timestamp:1723396952
2024-08-11T20:22:32,517 - WorkerThreadTime.Milliseconds:6.0|#Level:Host|#hostname:guys-MacBook-Pro.local,timestamp:1723396952
2024-08-11T20:22:32,517 - WorkerLoadTime.Milliseconds:35197.0|#WorkerName:W-9009-mobilenet_v3_1.0,Level:Host|#hostname:guys-MacBook-Pro.local,timestamp:1723396952
2024-08-11T20:22:32,517 - WorkerLoadTime.Milliseconds:35197.0|#WorkerName:W-9011-mobilenet_v3_1.0,Level:Host|#hostname:guys-MacBook-Pro.local,timestamp:1723396952
2024-08-11T20:22:32,518 - WorkerLoadTime.Milliseconds:35198.0|#WorkerName:W-9006-mobilenet_v3_1.0,Level:Host|#hostname:guys-MacBook-Pro.local,timestamp:1723396952
2024-08-11T20:22:32,517 - WorkerLoadTime.Milliseconds:35198.0|#WorkerName:W-9005-mobilenet_v3_1.0,Level:Host|#hostname:guys-MacBook-Pro.local,timestamp:1723396952
2024-08-11T20:22:32,517 - WorkerLoadTime.Milliseconds:35199.0|#WorkerName:W-9002-mobilenet_v3_1.0,Level:Host|#hostname:guys-MacBook-Pro.local,timestamp:1723396952
2024-08-11T20:22:32,518 - WorkerThreadTime.Milliseconds:6.0|#Level:Host|#hostname:guys-MacBook-Pro.local,timestamp:1723396952
2024-08-11T20:22:32,518 - WorkerLoadTime.Milliseconds:35202.0|#WorkerName:W-9000-mobilenet_v3_1.0,Level:Host|#hostname:guys-MacBook-Pro.local,timestamp:1723396952
2024-08-11T20:22:32,518 - WorkerThreadTime.Milliseconds:7.0|#Level:Host|#hostname:guys-MacBook-Pro.local,timestamp:1723396952
2024-08-11T20:22:32,518 - WorkerThreadTime.Milliseconds:7.0|#Level:Host|#hostname:guys-MacBook-Pro.local,timestamp:1723396952
2024-08-11T20:22:32,518 - WorkerThreadTime.Milliseconds:7.0|#Level:Host|#hostname:guys-MacBook-Pro.local,timestamp:1723396952
2024-08-11T20:22:32,517 - WorkerLoadTime.Milliseconds:35196.0|#WorkerName:W-9013-mobilenet_v3_1.0,Level:Host|#hostname:guys-MacBook-Pro.local,timestamp:1723396952
2024-08-11T20:22:32,518 - WorkerThreadTime.Milliseconds:7.0|#Level:Host|#hostname:guys-MacBook-Pro.local,timestamp:1723396952
2024-08-11T20:22:32,518 - WorkerThreadTime.Milliseconds:7.0|#Level:Host|#hostname:guys-MacBook-Pro.local,timestamp:1723396952
2024-08-11T20:22:32,518 - WorkerLoadTime.Milliseconds:35199.0|#WorkerName:W-9007-mobilenet_v3_1.0,Level:Host|#hostname:guys-MacBook-Pro.local,timestamp:1723396952
2024-08-11T20:22:32,518 - WorkerThreadTime.Milliseconds:7.0|#Level:Host|#hostname:guys-MacBook-Pro.local,timestamp:1723396952
2024-08-11T20:22:32,518 - WorkerThreadTime.Milliseconds:7.0|#Level:Host|#hostname:guys-MacBook-Pro.local,timestamp:1723396952
2024-08-11T20:22:32,518 - WorkerThreadTime.Milliseconds:7.0|#Level:Host|#hostname:guys-MacBook-Pro.local,timestamp:1723396952
2024-08-11T20:22:32,518 - WorkerLoadTime.Milliseconds:35197.0|#WorkerName:W-9014-mobilenet_v3_1.0,Level:Host|#hostname:guys-MacBook-Pro.local,timestamp:1723396952
2024-08-11T20:22:32,518 - WorkerThreadTime.Milliseconds:7.0|#Level:Host|#hostname:guys-MacBook-Pro.local,timestamp:1723396952
2024-08-11T20:22:32,518 - WorkerThreadTime.Milliseconds:7.0|#Level:Host|#hostname:guys-MacBook-Pro.local,timestamp:1723396952
2024-08-11T20:22:32,518 - WorkerThreadTime.Milliseconds:7.0|#Level:Host|#hostname:guys-MacBook-Pro.local,timestamp:1723396952
2024-08-11T20:22:32,518 - WorkerThreadTime.Milliseconds:7.0|#Level:Host|#hostname:guys-MacBook-Pro.local,timestamp:1723396952
2024-08-11T20:22:32,518 - WorkerThreadTime.Milliseconds:7.0|#Level:Host|#hostname:guys-MacBook-Pro.local,timestamp:1723396952
2024-08-11T20:22:57,871 - CPUUtilization.Percent:33.3|#Level:Host|#hostname:guys-MacBook-Pro.local,timestamp:1723396977
2024-08-11T20:22:57,872 - DiskAvailable.Gigabytes:703.5724945068359|#Level:Host|#hostname:guys-MacBook-Pro.local,timestamp:1723396977
2024-08-11T20:22:57,873 - DiskUsage.Gigabytes:13.47397232055664|#Level:Host|#hostname:guys-MacBook-Pro.local,timestamp:1723396977
2024-08-11T20:22:57,873 - DiskUtilization.Percent:1.9|#Level:Host|#hostname:guys-MacBook-Pro.local,timestamp:1723396977
2024-08-11T20:22:57,873 - MemoryAvailable.Megabytes:5679.6484375|#Level:Host|#hostname:guys-MacBook-Pro.local,timestamp:1723396977
2024-08-11T20:22:57,873 - MemoryUsed.Megabytes:8479.48046875|#Level:Host|#hostname:guys-MacBook-Pro.local,timestamp:1723396977
2024-08-11T20:22:57,873 - MemoryUtilization.Percent:65.3|#Level:Host|#hostname:guys-MacBook-Pro.local,timestamp:1723396977
2024-08-11T20:23:02,379 - Requests4XX.Count:1.0|#Level:Host|#hostname:guys-MacBook-Pro.local,timestamp:1723396982
2024-08-11T20:23:37,702 - ts_inference_requests_total.Count:1.0|#model_name:mobilenet_v3,model_version:default|#hostname:guys-MacBook-Pro.local,timestamp:1723397017
2024-08-11T20:23:39,108 - Requests5XX.Count:1.0|#Level:Host|#hostname:guys-MacBook-Pro.local,timestamp:1723397019
2024-08-11T20:23:39,108 - WorkerThreadTime.Milliseconds:1.0|#Level:Host|#hostname:guys-MacBook-Pro.local,timestamp:1723397019
2024-08-11T20:23:57,876 - CPUUtilization.Percent:0.0|#Level:Host|#hostname:guys-MacBook-Pro.local,timestamp:1723397037
2024-08-11T20:23:57,876 - DiskAvailable.Gigabytes:702.5639953613281|#Level:Host|#hostname:guys-MacBook-Pro.local,timestamp:1723397037
2024-08-11T20:23:57,876 - DiskUsage.Gigabytes:13.47397232055664|#Level:Host|#hostname:guys-MacBook-Pro.local,timestamp:1723397037
2024-08-11T20:23:57,876 - DiskUtilization.Percent:1.9|#Level:Host|#hostname:guys-MacBook-Pro.local,timestamp:1723397037
2024-08-11T20:23:57,877 - MemoryAvailable.Megabytes:5947.8984375|#Level:Host|#hostname:guys-MacBook-Pro.local,timestamp:1723397037
2024-08-11T20:23:57,877 - MemoryUsed.Megabytes:8643.94140625|#Level:Host|#hostname:guys-MacBook-Pro.local,timestamp:1723397037
2024-08-11T20:23:57,877 - MemoryUtilization.Percent:63.7|#Level:Host|#hostname:guys-MacBook-Pro.local,timestamp:1723397037
2024-08-11T20:25:23,296 - CPUUtilization.Percent:100.0|#Level:Host|#hostname:guys-MacBook-Pro.local,timestamp:1723397123
2024-08-11T20:25:23,297 - DiskAvailable.Gigabytes:702.5653343200684|#Level:Host|#hostname:guys-MacBook-Pro.local,timestamp:1723397123
2024-08-11T20:25:23,297 - DiskUsage.Gigabytes:13.47397232055664|#Level:Host|#hostname:guys-MacBook-Pro.local,timestamp:1723397123
2024-08-11T20:25:23,297 - DiskUtilization.Percent:1.9|#Level:Host|#hostname:guys-MacBook-Pro.local,timestamp:1723397123
2024-08-11T20:25:23,298 - MemoryAvailable.Megabytes:7723.15625|#Level:Host|#hostname:guys-MacBook-Pro.local,timestamp:1723397123
2024-08-11T20:25:23,298 - MemoryUsed.Megabytes:6957.4453125|#Level:Host|#hostname:guys-MacBook-Pro.local,timestamp:1723397123
2024-08-11T20:25:23,298 - MemoryUtilization.Percent:52.9|#Level:Host|#hostname:guys-MacBook-Pro.local,timestamp:1723397123
2024-08-11T20:25:28,704 - WorkerLoadTime.Milliseconds:5990.0|#WorkerName:W-9003-mobilenet_v3_1.0,Level:Host|#hostname:guys-MacBook-Pro.local,timestamp:1723397128
2024-08-11T20:25:28,704 - WorkerLoadTime.Milliseconds:5988.0|#WorkerName:W-9012-mobilenet_v3_1.0,Level:Host|#hostname:guys-MacBook-Pro.local,timestamp:1723397128
2024-08-11T20:25:28,704 - WorkerLoadTime.Milliseconds:5989.0|#WorkerName:W-9005-mobilenet_v3_1.0,Level:Host|#hostname:guys-MacBook-Pro.local,timestamp:1723397128
2024-08-11T20:25:28,704 - WorkerLoadTime.Milliseconds:5990.0|#WorkerName:W-9002-mobilenet_v3_1.0,Level:Host|#hostname:guys-MacBook-Pro.local,timestamp:1723397128
2024-08-11T20:25:28,704 - WorkerLoadTime.Milliseconds:5991.0|#WorkerName:W-9001-mobilenet_v3_1.0,Level:Host|#hostname:guys-MacBook-Pro.local,timestamp:1723397128
2024-08-11T20:25:28,704 - WorkerLoadTime.Milliseconds:5988.0|#WorkerName:W-9014-mobilenet_v3_1.0,Level:Host|#hostname:guys-MacBook-Pro.local,timestamp:1723397128
2024-08-11T20:25:28,704 - WorkerThreadTime.Milliseconds:4.0|#Level:Host|#hostname:guys-MacBook-Pro.local,timestamp:1723397128
2024-08-11T20:25:28,704 - WorkerThreadTime.Milliseconds:3.0|#Level:Host|#hostname:guys-MacBook-Pro.local,timestamp:1723397128
2024-08-11T20:25:28,705 - WorkerThreadTime.Milliseconds:3.0|#Level:Host|#hostname:guys-MacBook-Pro.local,timestamp:1723397128
2024-08-11T20:25:28,704 - WorkerLoadTime.Milliseconds:5988.0|#WorkerName:W-9011-mobilenet_v3_1.0,Level:Host|#hostname:guys-MacBook-Pro.local,timestamp:1723397128
2024-08-11T20:25:28,704 - WorkerLoadTime.Milliseconds:5992.0|#WorkerName:W-9000-mobilenet_v3_1.0,Level:Host|#hostname:guys-MacBook-Pro.local,timestamp:1723397128
2024-08-11T20:25:28,704 - WorkerLoadTime.Milliseconds:5990.0|#WorkerName:W-9004-mobilenet_v3_1.0,Level:Host|#hostname:guys-MacBook-Pro.local,timestamp:1723397128
2024-08-11T20:25:28,705 - WorkerThreadTime.Milliseconds:5.0|#Level:Host|#hostname:guys-MacBook-Pro.local,timestamp:1723397128
2024-08-11T20:25:28,704 - WorkerLoadTime.Milliseconds:5989.0|#WorkerName:W-9009-mobilenet_v3_1.0,Level:Host|#hostname:guys-MacBook-Pro.local,timestamp:1723397128
2024-08-11T20:25:28,705 - WorkerLoadTime.Milliseconds:5990.0|#WorkerName:W-9007-mobilenet_v3_1.0,Level:Host|#hostname:guys-MacBook-Pro.local,timestamp:1723397128
2024-08-11T20:25:28,705 - WorkerThreadTime.Milliseconds:5.0|#Level:Host|#hostname:guys-MacBook-Pro.local,timestamp:1723397128
2024-08-11T20:25:28,705 - WorkerLoadTime.Milliseconds:5988.0|#WorkerName:W-9015-mobilenet_v3_1.0,Level:Host|#hostname:guys-MacBook-Pro.local,timestamp:1723397128
2024-08-11T20:25:28,705 - WorkerThreadTime.Milliseconds:4.0|#Level:Host|#hostname:guys-MacBook-Pro.local,timestamp:1723397128
2024-08-11T20:25:28,705 - WorkerThreadTime.Milliseconds:5.0|#Level:Host|#hostname:guys-MacBook-Pro.local,timestamp:1723397128
2024-08-11T20:25:28,705 - WorkerThreadTime.Milliseconds:4.0|#Level:Host|#hostname:guys-MacBook-Pro.local,timestamp:1723397128
2024-08-11T20:25:28,705 - WorkerThreadTime.Milliseconds:5.0|#Level:Host|#hostname:guys-MacBook-Pro.local,timestamp:1723397128
2024-08-11T20:25:28,705 - WorkerLoadTime.Milliseconds:5989.0|#WorkerName:W-9010-mobilenet_v3_1.0,Level:Host|#hostname:guys-MacBook-Pro.local,timestamp:1723397128
2024-08-11T20:25:28,705 - WorkerLoadTime.Milliseconds:5990.0|#WorkerName:W-9006-mobilenet_v3_1.0,Level:Host|#hostname:guys-MacBook-Pro.local,timestamp:1723397128
2024-08-11T20:25:28,705 - WorkerThreadTime.Milliseconds:4.0|#Level:Host|#hostname:guys-MacBook-Pro.local,timestamp:1723397128
2024-08-11T20:25:28,705 - WorkerLoadTime.Milliseconds:5989.0|#WorkerName:W-9013-mobilenet_v3_1.0,Level:Host|#hostname:guys-MacBook-Pro.local,timestamp:1723397128
2024-08-11T20:25:28,705 - WorkerLoadTime.Milliseconds:5990.0|#WorkerName:W-9008-mobilenet_v3_1.0,Level:Host|#hostname:guys-MacBook-Pro.local,timestamp:1723397128
2024-08-11T20:25:28,705 - WorkerThreadTime.Milliseconds:4.0|#Level:Host|#hostname:guys-MacBook-Pro.local,timestamp:1723397128
2024-08-11T20:25:28,705 - WorkerThreadTime.Milliseconds:5.0|#Level:Host|#hostname:guys-MacBook-Pro.local,timestamp:1723397128
2024-08-11T20:25:28,705 - WorkerThreadTime.Milliseconds:4.0|#Level:Host|#hostname:guys-MacBook-Pro.local,timestamp:1723397128
2024-08-11T20:25:28,705 - WorkerThreadTime.Milliseconds:5.0|#Level:Host|#hostname:guys-MacBook-Pro.local,timestamp:1723397128
2024-08-11T20:25:28,705 - WorkerThreadTime.Milliseconds:4.0|#Level:Host|#hostname:guys-MacBook-Pro.local,timestamp:1723397128
2024-08-11T20:25:28,705 - WorkerThreadTime.Milliseconds:5.0|#Level:Host|#hostname:guys-MacBook-Pro.local,timestamp:1723397128
2024-08-11T20:25:31,820 - ts_inference_requests_total.Count:1.0|#model_name:mobilenet_v3,model_version:default|#hostname:guys-MacBook-Pro.local,timestamp:1723397131
2024-08-11T20:25:31,881 - Requests5XX.Count:1.0|#Level:Host|#hostname:guys-MacBook-Pro.local,timestamp:1723397131
2024-08-11T20:25:31,882 - WorkerThreadTime.Milliseconds:4.0|#Level:Host|#hostname:guys-MacBook-Pro.local,timestamp:1723397131
2024-08-11T20:26:21,807 - CPUUtilization.Percent:100.0|#Level:Host|#hostname:guys-MacBook-Pro.local,timestamp:1723397181
2024-08-11T20:26:21,808 - DiskAvailable.Gigabytes:702.5754623413086|#Level:Host|#hostname:guys-MacBook-Pro.local,timestamp:1723397181
2024-08-11T20:26:21,808 - DiskUsage.Gigabytes:13.47397232055664|#Level:Host|#hostname:guys-MacBook-Pro.local,timestamp:1723397181
2024-08-11T20:26:21,808 - DiskUtilization.Percent:1.9|#Level:Host|#hostname:guys-MacBook-Pro.local,timestamp:1723397181
2024-08-11T20:26:21,809 - MemoryAvailable.Megabytes:7421.97265625|#Level:Host|#hostname:guys-MacBook-Pro.local,timestamp:1723397181
2024-08-11T20:26:21,809 - MemoryUsed.Megabytes:7397.62890625|#Level:Host|#hostname:guys-MacBook-Pro.local,timestamp:1723397181
2024-08-11T20:26:21,809 - MemoryUtilization.Percent:54.7|#Level:Host|#hostname:guys-MacBook-Pro.local,timestamp:1723397181
2024-08-11T20:26:25,877 - ts_inference_requests_total.Count:1.0|#model_name:mobilenet_v3,model_version:default|#hostname:guys-MacBook-Pro.local,timestamp:1723397185
2024-08-11T20:26:27,027 - WorkerLoadTime.Milliseconds:5799.0|#WorkerName:W-9012-mobilenet_v3_1.0,Level:Host|#hostname:guys-MacBook-Pro.local,timestamp:1723397187
2024-08-11T20:26:27,026 - WorkerLoadTime.Milliseconds:5798.0|#WorkerName:W-9014-mobilenet_v3_1.0,Level:Host|#hostname:guys-MacBook-Pro.local,timestamp:1723397187
2024-08-11T20:26:27,026 - WorkerLoadTime.Milliseconds:5799.0|#WorkerName:W-9010-mobilenet_v3_1.0,Level:Host|#hostname:guys-MacBook-Pro.local,timestamp:1723397187
2024-08-11T20:26:27,030 - WorkerThreadTime.Milliseconds:13.0|#Level:Host|#hostname:guys-MacBook-Pro.local,timestamp:1723397187
2024-08-11T20:26:27,030 - WorkerThreadTime.Milliseconds:13.0|#Level:Host|#hostname:guys-MacBook-Pro.local,timestamp:1723397187
2024-08-11T20:26:27,031 - WorkerThreadTime.Milliseconds:14.0|#Level:Host|#hostname:guys-MacBook-Pro.local,timestamp:1723397187
2024-08-11T20:26:27,026 - WorkerLoadTime.Milliseconds:5798.0|#WorkerName:W-9013-mobilenet_v3_1.0,Level:Host|#hostname:guys-MacBook-Pro.local,timestamp:1723397187
2024-08-11T20:26:27,032 - WorkerThreadTime.Milliseconds:16.0|#Level:Host|#hostname:guys-MacBook-Pro.local,timestamp:1723397187
2024-08-11T20:26:27,045 - WorkerLoadTime.Milliseconds:5818.0|#WorkerName:W-9009-mobilenet_v3_1.0,Level:Host|#hostname:guys-MacBook-Pro.local,timestamp:1723397187
2024-08-11T20:26:27,047 - WorkerThreadTime.Milliseconds:7.0|#Level:Host|#hostname:guys-MacBook-Pro.local,timestamp:1723397187
2024-08-11T20:26:27,053 - WorkerLoadTime.Milliseconds:5827.0|#WorkerName:W-9004-mobilenet_v3_1.0,Level:Host|#hostname:guys-MacBook-Pro.local,timestamp:1723397187
2024-08-11T20:26:27,062 - WorkerThreadTime.Milliseconds:11.0|#Level:Host|#hostname:guys-MacBook-Pro.local,timestamp:1723397187
2024-08-11T20:26:27,055 - WorkerLoadTime.Milliseconds:5829.0|#WorkerName:W-9003-mobilenet_v3_1.0,Level:Host|#hostname:guys-MacBook-Pro.local,timestamp:1723397187
2024-08-11T20:26:27,064 - WorkerThreadTime.Milliseconds:11.0|#Level:Host|#hostname:guys-MacBook-Pro.local,timestamp:1723397187
2024-08-11T20:26:27,068 - WorkerLoadTime.Milliseconds:5842.0|#WorkerName:W-9001-mobilenet_v3_1.0,Level:Host|#hostname:guys-MacBook-Pro.local,timestamp:1723397187
2024-08-11T20:26:27,070 - WorkerThreadTime.Milliseconds:4.0|#Level:Host|#hostname:guys-MacBook-Pro.local,timestamp:1723397187
2024-08-11T20:26:27,070 - WorkerLoadTime.Milliseconds:5845.0|#WorkerName:W-9000-mobilenet_v3_1.0,Level:Host|#hostname:guys-MacBook-Pro.local,timestamp:1723397187
2024-08-11T20:26:27,072 - WorkerThreadTime.Milliseconds:6.0|#Level:Host|#hostname:guys-MacBook-Pro.local,timestamp:1723397187
2024-08-11T20:26:27,074 - WorkerLoadTime.Milliseconds:5846.0|#WorkerName:W-9011-mobilenet_v3_1.0,Level:Host|#hostname:guys-MacBook-Pro.local,timestamp:1723397187
2024-08-11T20:26:27,074 - WorkerThreadTime.Milliseconds:4.0|#Level:Host|#hostname:guys-MacBook-Pro.local,timestamp:1723397187
2024-08-11T20:26:27,075 - WorkerLoadTime.Milliseconds:5849.0|#WorkerName:W-9006-mobilenet_v3_1.0,Level:Host|#hostname:guys-MacBook-Pro.local,timestamp:1723397187
2024-08-11T20:26:27,075 - WorkerThreadTime.Milliseconds:5.0|#Level:Host|#hostname:guys-MacBook-Pro.local,timestamp:1723397187
2024-08-11T20:26:27,075 - WorkerLoadTime.Milliseconds:5847.0|#WorkerName:W-9015-mobilenet_v3_1.0,Level:Host|#hostname:guys-MacBook-Pro.local,timestamp:1723397187
2024-08-11T20:26:27,075 - WorkerThreadTime.Milliseconds:0.0|#Level:Host|#hostname:guys-MacBook-Pro.local,timestamp:1723397187
2024-08-11T20:26:27,075 - WorkerLoadTime.Milliseconds:5849.0|#WorkerName:W-9005-mobilenet_v3_1.0,Level:Host|#hostname:guys-MacBook-Pro.local,timestamp:1723397187
2024-08-11T20:26:27,076 - WorkerThreadTime.Milliseconds:5.0|#Level:Host|#hostname:guys-MacBook-Pro.local,timestamp:1723397187
2024-08-11T20:26:27,076 - WorkerLoadTime.Milliseconds:5849.0|#WorkerName:W-9008-mobilenet_v3_1.0,Level:Host|#hostname:guys-MacBook-Pro.local,timestamp:1723397187
2024-08-11T20:26:27,077 - WorkerThreadTime.Milliseconds:5.0|#Level:Host|#hostname:guys-MacBook-Pro.local,timestamp:1723397187
2024-08-11T20:26:27,077 - WorkerLoadTime.Milliseconds:5850.0|#WorkerName:W-9007-mobilenet_v3_1.0,Level:Host|#hostname:guys-MacBook-Pro.local,timestamp:1723397187
2024-08-11T20:26:27,077 - WorkerThreadTime.Milliseconds:5.0|#Level:Host|#hostname:guys-MacBook-Pro.local,timestamp:1723397187
2024-08-11T20:26:27,077 - WorkerLoadTime.Milliseconds:5851.0|#WorkerName:W-9002-mobilenet_v3_1.0,Level:Host|#hostname:guys-MacBook-Pro.local,timestamp:1723397187
2024-08-11T20:26:27,077 - WorkerThreadTime.Milliseconds:3.0|#Level:Host|#hostname:guys-MacBook-Pro.local,timestamp:1723397187
2024-08-11T20:26:27,142 - Requests5XX.Count:1.0|#Level:Host|#hostname:guys-MacBook-Pro.local,timestamp:1723397187
2024-08-11T20:26:27,143 - WorkerThreadTime.Milliseconds:6.0|#Level:Host|#hostname:guys-MacBook-Pro.local,timestamp:1723397187
2024-08-11T20:28:50,190 - CPUUtilization.Percent:100.0|#Level:Host|#hostname:guys-MacBook-Pro.local,timestamp:1723397330
2024-08-11T20:28:50,191 - DiskAvailable.Gigabytes:702.5651168823242|#Level:Host|#hostname:guys-MacBook-Pro.local,timestamp:1723397330
2024-08-11T20:28:50,191 - DiskUsage.Gigabytes:13.47397232055664|#Level:Host|#hostname:guys-MacBook-Pro.local,timestamp:1723397330
2024-08-11T20:28:50,192 - DiskUtilization.Percent:1.9|#Level:Host|#hostname:guys-MacBook-Pro.local,timestamp:1723397330
2024-08-11T20:28:50,192 - MemoryAvailable.Megabytes:7183.82421875|#Level:Host|#hostname:guys-MacBook-Pro.local,timestamp:1723397330
2024-08-11T20:28:50,192 - MemoryUsed.Megabytes:7635.65234375|#Level:Host|#hostname:guys-MacBook-Pro.local,timestamp:1723397330
2024-08-11T20:28:50,193 - MemoryUtilization.Percent:56.2|#Level:Host|#hostname:guys-MacBook-Pro.local,timestamp:1723397330
2024-08-11T20:28:56,271 - ts_inference_requests_total.Count:1.0|#model_name:mobilenet_v3,model_version:default|#hostname:guys-MacBook-Pro.local,timestamp:1723397336
2024-08-11T20:29:02,634 - WorkerLoadTime.Milliseconds:13048.0|#WorkerName:W-9014-mobilenet_v3_1.0,Level:Host|#hostname:guys-MacBook-Pro.local,timestamp:1723397342
2024-08-11T20:29:02,634 - WorkerLoadTime.Milliseconds:13051.0|#WorkerName:W-9006-mobilenet_v3_1.0,Level:Host|#hostname:guys-MacBook-Pro.local,timestamp:1723397342
2024-08-11T20:29:02,634 - WorkerLoadTime.Milliseconds:13053.0|#WorkerName:W-9000-mobilenet_v3_1.0,Level:Host|#hostname:guys-MacBook-Pro.local,timestamp:1723397342
2024-08-11T20:29:02,634 - WorkerThreadTime.Milliseconds:2.0|#Level:Host|#hostname:guys-MacBook-Pro.local,timestamp:1723397342
2024-08-11T20:29:02,634 - WorkerThreadTime.Milliseconds:4.0|#Level:Host|#hostname:guys-MacBook-Pro.local,timestamp:1723397342
2024-08-11T20:29:02,635 - WorkerLoadTime.Milliseconds:13051.0|#WorkerName:W-9004-mobilenet_v3_1.0,Level:Host|#hostname:guys-MacBook-Pro.local,timestamp:1723397342
2024-08-11T20:29:02,635 - WorkerLoadTime.Milliseconds:13052.0|#WorkerName:W-9002-mobilenet_v3_1.0,Level:Host|#hostname:guys-MacBook-Pro.local,timestamp:1723397342
2024-08-11T20:29:02,635 - WorkerThreadTime.Milliseconds:5.0|#Level:Host|#hostname:guys-MacBook-Pro.local,timestamp:1723397342
2024-08-11T20:29:02,635 - WorkerThreadTime.Milliseconds:5.0|#Level:Host|#hostname:guys-MacBook-Pro.local,timestamp:1723397342
2024-08-11T20:29:02,635 - WorkerLoadTime.Milliseconds:13052.0|#WorkerName:W-9003-mobilenet_v3_1.0,Level:Host|#hostname:guys-MacBook-Pro.local,timestamp:1723397342
2024-08-11T20:29:02,635 - WorkerLoadTime.Milliseconds:13049.0|#WorkerName:W-9015-mobilenet_v3_1.0,Level:Host|#hostname:guys-MacBook-Pro.local,timestamp:1723397342
2024-08-11T20:29:02,635 - WorkerLoadTime.Milliseconds:13050.0|#WorkerName:W-9012-mobilenet_v3_1.0,Level:Host|#hostname:guys-MacBook-Pro.local,timestamp:1723397342
2024-08-11T20:29:02,635 - WorkerThreadTime.Milliseconds:5.0|#Level:Host|#hostname:guys-MacBook-Pro.local,timestamp:1723397342
2024-08-11T20:29:02,635 - WorkerLoadTime.Milliseconds:13051.0|#WorkerName:W-9011-mobilenet_v3_1.0,Level:Host|#hostname:guys-MacBook-Pro.local,timestamp:1723397342
2024-08-11T20:29:02,635 - WorkerLoadTime.Milliseconds:13053.0|#WorkerName:W-9001-mobilenet_v3_1.0,Level:Host|#hostname:guys-MacBook-Pro.local,timestamp:1723397342
2024-08-11T20:29:02,635 - WorkerThreadTime.Milliseconds:3.0|#Level:Host|#hostname:guys-MacBook-Pro.local,timestamp:1723397342
2024-08-11T20:29:02,635 - WorkerThreadTime.Milliseconds:5.0|#Level:Host|#hostname:guys-MacBook-Pro.local,timestamp:1723397342
2024-08-11T20:29:02,635 - WorkerThreadTime.Milliseconds:5.0|#Level:Host|#hostname:guys-MacBook-Pro.local,timestamp:1723397342
2024-08-11T20:29:02,635 - WorkerLoadTime.Milliseconds:13050.0|#WorkerName:W-9013-mobilenet_v3_1.0,Level:Host|#hostname:guys-MacBook-Pro.local,timestamp:1723397342
2024-08-11T20:29:02,635 - WorkerLoadTime.Milliseconds:13051.0|#WorkerName:W-9010-mobilenet_v3_1.0,Level:Host|#hostname:guys-MacBook-Pro.local,timestamp:1723397342
2024-08-11T20:29:02,636 - WorkerLoadTime.Milliseconds:13052.0|#WorkerName:W-9005-mobilenet_v3_1.0,Level:Host|#hostname:guys-MacBook-Pro.local,timestamp:1723397342
2024-08-11T20:29:02,636 - WorkerThreadTime.Milliseconds:6.0|#Level:Host|#hostname:guys-MacBook-Pro.local,timestamp:1723397342
2024-08-11T20:29:02,636 - WorkerLoadTime.Milliseconds:13053.0|#WorkerName:W-9008-mobilenet_v3_1.0,Level:Host|#hostname:guys-MacBook-Pro.local,timestamp:1723397342
2024-08-11T20:29:02,636 - WorkerThreadTime.Milliseconds:7.0|#Level:Host|#hostname:guys-MacBook-Pro.local,timestamp:1723397342
2024-08-11T20:29:02,636 - WorkerThreadTime.Milliseconds:6.0|#Level:Host|#hostname:guys-MacBook-Pro.local,timestamp:1723397342
2024-08-11T20:29:02,636 - WorkerThreadTime.Milliseconds:6.0|#Level:Host|#hostname:guys-MacBook-Pro.local,timestamp:1723397342
2024-08-11T20:29:02,636 - WorkerThreadTime.Milliseconds:6.0|#Level:Host|#hostname:guys-MacBook-Pro.local,timestamp:1723397342
2024-08-11T20:29:02,636 - WorkerThreadTime.Milliseconds:6.0|#Level:Host|#hostname:guys-MacBook-Pro.local,timestamp:1723397342
2024-08-11T20:29:02,636 - WorkerLoadTime.Milliseconds:13052.0|#WorkerName:W-9009-mobilenet_v3_1.0,Level:Host|#hostname:guys-MacBook-Pro.local,timestamp:1723397342
2024-08-11T20:29:02,636 - WorkerLoadTime.Milliseconds:13053.0|#WorkerName:W-9007-mobilenet_v3_1.0,Level:Host|#hostname:guys-MacBook-Pro.local,timestamp:1723397342
2024-08-11T20:29:02,636 - WorkerThreadTime.Milliseconds:6.0|#Level:Host|#hostname:guys-MacBook-Pro.local,timestamp:1723397342
2024-08-11T20:29:02,636 - WorkerThreadTime.Milliseconds:6.0|#Level:Host|#hostname:guys-MacBook-Pro.local,timestamp:1723397342
2024-08-11T20:29:02,702 - Requests5XX.Count:1.0|#Level:Host|#hostname:guys-MacBook-Pro.local,timestamp:1723397342
2024-08-11T20:29:02,703 - WorkerThreadTime.Milliseconds:7.0|#Level:Host|#hostname:guys-MacBook-Pro.local,timestamp:1723397342
2024-08-11T20:29:50,221 - CPUUtilization.Percent:25.0|#Level:Host|#hostname:guys-MacBook-Pro.local,timestamp:1723397390
2024-08-11T20:29:50,222 - DiskAvailable.Gigabytes:702.5605506896973|#Level:Host|#hostname:guys-MacBook-Pro.local,timestamp:1723397390
2024-08-11T20:29:50,222 - DiskUsage.Gigabytes:13.47397232055664|#Level:Host|#hostname:guys-MacBook-Pro.local,timestamp:1723397390
2024-08-11T20:29:50,222 - DiskUtilization.Percent:1.9|#Level:Host|#hostname:guys-MacBook-Pro.local,timestamp:1723397390
2024-08-11T20:29:50,222 - MemoryAvailable.Megabytes:5919.0390625|#Level:Host|#hostname:guys-MacBook-Pro.local,timestamp:1723397390
2024-08-11T20:29:50,223 - MemoryUsed.Megabytes:8710.64453125|#Level:Host|#hostname:guys-MacBook-Pro.local,timestamp:1723397390
2024-08-11T20:29:50,223 - MemoryUtilization.Percent:63.9|#Level:Host|#hostname:guys-MacBook-Pro.local,timestamp:1723397390
2024-08-11T20:31:24,138 - CPUUtilization.Percent:100.0|#Level:Host|#hostname:guys-MacBook-Pro.local,timestamp:1723397484
2024-08-11T20:31:24,138 - DiskAvailable.Gigabytes:702.5620727539062|#Level:Host|#hostname:guys-MacBook-Pro.local,timestamp:1723397484
2024-08-11T20:31:24,139 - DiskUsage.Gigabytes:13.47397232055664|#Level:Host|#hostname:guys-MacBook-Pro.local,timestamp:1723397484
2024-08-11T20:31:24,139 - DiskUtilization.Percent:1.9|#Level:Host|#hostname:guys-MacBook-Pro.local,timestamp:1723397484
2024-08-11T20:31:24,139 - MemoryAvailable.Megabytes:7082.91796875|#Level:Host|#hostname:guys-MacBook-Pro.local,timestamp:1723397484
2024-08-11T20:31:24,140 - MemoryUsed.Megabytes:7627.44140625|#Level:Host|#hostname:guys-MacBook-Pro.local,timestamp:1723397484
2024-08-11T20:31:24,140 - MemoryUtilization.Percent:56.8|#Level:Host|#hostname:guys-MacBook-Pro.local,timestamp:1723397484
2024-08-11T20:31:28,355 - ts_inference_requests_total.Count:1.0|#model_name:mobilenet_v3,model_version:default|#hostname:guys-MacBook-Pro.local,timestamp:1723397488
2024-08-11T20:31:29,545 - WorkerLoadTime.Milliseconds:5991.0|#WorkerName:W-9012-mobilenet_v3_1.0,Level:Host|#hostname:guys-MacBook-Pro.local,timestamp:1723397489
2024-08-11T20:31:29,545 - WorkerLoadTime.Milliseconds:5993.0|#WorkerName:W-9009-mobilenet_v3_1.0,Level:Host|#hostname:guys-MacBook-Pro.local,timestamp:1723397489
2024-08-11T20:31:29,545 - WorkerLoadTime.Milliseconds:5991.0|#WorkerName:W-9013-mobilenet_v3_1.0,Level:Host|#hostname:guys-MacBook-Pro.local,timestamp:1723397489
2024-08-11T20:31:29,545 - WorkerLoadTime.Milliseconds:5994.0|#WorkerName:W-9004-mobilenet_v3_1.0,Level:Host|#hostname:guys-MacBook-Pro.local,timestamp:1723397489
2024-08-11T20:31:29,545 - WorkerLoadTime.Milliseconds:5993.0|#WorkerName:W-9003-mobilenet_v3_1.0,Level:Host|#hostname:guys-MacBook-Pro.local,timestamp:1723397489
2024-08-11T20:31:29,545 - WorkerLoadTime.Milliseconds:5993.0|#WorkerName:W-9008-mobilenet_v3_1.0,Level:Host|#hostname:guys-MacBook-Pro.local,timestamp:1723397489
2024-08-11T20:31:29,545 - WorkerThreadTime.Milliseconds:5.0|#Level:Host|#hostname:guys-MacBook-Pro.local,timestamp:1723397489
2024-08-11T20:31:29,545 - WorkerThreadTime.Milliseconds:5.0|#Level:Host|#hostname:guys-MacBook-Pro.local,timestamp:1723397489
2024-08-11T20:31:29,545 - WorkerLoadTime.Milliseconds:5992.0|#WorkerName:W-9010-mobilenet_v3_1.0,Level:Host|#hostname:guys-MacBook-Pro.local,timestamp:1723397489
2024-08-11T20:31:29,545 - WorkerThreadTime.Milliseconds:5.0|#Level:Host|#hostname:guys-MacBook-Pro.local,timestamp:1723397489
2024-08-11T20:31:29,545 - WorkerThreadTime.Milliseconds:4.0|#Level:Host|#hostname:guys-MacBook-Pro.local,timestamp:1723397489
2024-08-11T20:31:29,545 - WorkerThreadTime.Milliseconds:5.0|#Level:Host|#hostname:guys-MacBook-Pro.local,timestamp:1723397489
2024-08-11T20:31:29,545 - WorkerLoadTime.Milliseconds:5992.0|#WorkerName:W-9014-mobilenet_v3_1.0,Level:Host|#hostname:guys-MacBook-Pro.local,timestamp:1723397489
2024-08-11T20:31:29,546 - WorkerLoadTime.Milliseconds:5994.0|#WorkerName:W-9001-mobilenet_v3_1.0,Level:Host|#hostname:guys-MacBook-Pro.local,timestamp:1723397489
2024-08-11T20:31:29,546 - WorkerThreadTime.Milliseconds:5.0|#Level:Host|#hostname:guys-MacBook-Pro.local,timestamp:1723397489
2024-08-11T20:31:29,546 - WorkerThreadTime.Milliseconds:5.0|#Level:Host|#hostname:guys-MacBook-Pro.local,timestamp:1723397489
2024-08-11T20:31:29,546 - WorkerThreadTime.Milliseconds:4.0|#Level:Host|#hostname:guys-MacBook-Pro.local,timestamp:1723397489
2024-08-11T20:31:29,546 - WorkerThreadTime.Milliseconds:6.0|#Level:Host|#hostname:guys-MacBook-Pro.local,timestamp:1723397489
2024-08-11T20:31:29,547 - WorkerLoadTime.Milliseconds:5995.0|#WorkerName:W-9006-mobilenet_v3_1.0,Level:Host|#hostname:guys-MacBook-Pro.local,timestamp:1723397489
2024-08-11T20:31:29,547 - WorkerLoadTime.Milliseconds:5997.0|#WorkerName:W-9000-mobilenet_v3_1.0,Level:Host|#hostname:guys-MacBook-Pro.local,timestamp:1723397489
2024-08-11T20:31:29,547 - WorkerLoadTime.Milliseconds:5996.0|#WorkerName:W-9002-mobilenet_v3_1.0,Level:Host|#hostname:guys-MacBook-Pro.local,timestamp:1723397489
2024-08-11T20:31:29,547 - WorkerLoadTime.Milliseconds:5994.0|#WorkerName:W-9011-mobilenet_v3_1.0,Level:Host|#hostname:guys-MacBook-Pro.local,timestamp:1723397489
2024-08-11T20:31:29,547 - WorkerThreadTime.Milliseconds:5.0|#Level:Host|#hostname:guys-MacBook-Pro.local,timestamp:1723397489
2024-08-11T20:31:29,547 - WorkerLoadTime.Milliseconds:5995.0|#WorkerName:W-9005-mobilenet_v3_1.0,Level:Host|#hostname:guys-MacBook-Pro.local,timestamp:1723397489
2024-08-11T20:31:29,547 - WorkerThreadTime.Milliseconds:5.0|#Level:Host|#hostname:guys-MacBook-Pro.local,timestamp:1723397489
2024-08-11T20:31:29,547 - WorkerLoadTime.Milliseconds:5993.0|#WorkerName:W-9015-mobilenet_v3_1.0,Level:Host|#hostname:guys-MacBook-Pro.local,timestamp:1723397489
2024-08-11T20:31:29,547 - WorkerThreadTime.Milliseconds:5.0|#Level:Host|#hostname:guys-MacBook-Pro.local,timestamp:1723397489
2024-08-11T20:31:29,547 - WorkerThreadTime.Milliseconds:4.0|#Level:Host|#hostname:guys-MacBook-Pro.local,timestamp:1723397489
2024-08-11T20:31:29,547 - WorkerThreadTime.Milliseconds:6.0|#Level:Host|#hostname:guys-MacBook-Pro.local,timestamp:1723397489
2024-08-11T20:31:29,547 - WorkerThreadTime.Milliseconds:4.0|#Level:Host|#hostname:guys-MacBook-Pro.local,timestamp:1723397489
2024-08-11T20:31:29,547 - WorkerLoadTime.Milliseconds:5995.0|#WorkerName:W-9007-mobilenet_v3_1.0,Level:Host|#hostname:guys-MacBook-Pro.local,timestamp:1723397489
2024-08-11T20:31:29,547 - WorkerThreadTime.Milliseconds:4.0|#Level:Host|#hostname:guys-MacBook-Pro.local,timestamp:1723397489
2024-08-11T20:31:29,608 - Requests5XX.Count:1.0|#Level:Host|#hostname:guys-MacBook-Pro.local,timestamp:1723397489
2024-08-11T20:31:29,609 - WorkerThreadTime.Milliseconds:5.0|#Level:Host|#hostname:guys-MacBook-Pro.local,timestamp:1723397489
2024-08-11T20:32:24,198 - CPUUtilization.Percent:0.0|#Level:Host|#hostname:guys-MacBook-Pro.local,timestamp:1723397544
2024-08-11T20:32:24,199 - DiskAvailable.Gigabytes:702.5575180053711|#Level:Host|#hostname:guys-MacBook-Pro.local,timestamp:1723397544
2024-08-11T20:32:24,199 - DiskUsage.Gigabytes:13.47397232055664|#Level:Host|#hostname:guys-MacBook-Pro.local,timestamp:1723397544
2024-08-11T20:32:24,199 - DiskUtilization.Percent:1.9|#Level:Host|#hostname:guys-MacBook-Pro.local,timestamp:1723397544
2024-08-11T20:32:24,200 - MemoryAvailable.Megabytes:5998.4453125|#Level:Host|#hostname:guys-MacBook-Pro.local,timestamp:1723397544
2024-08-11T20:32:24,200 - MemoryUsed.Megabytes:8772.37890625|#Level:Host|#hostname:guys-MacBook-Pro.local,timestamp:1723397544
2024-08-11T20:32:24,200 - MemoryUtilization.Percent:63.4|#Level:Host|#hostname:guys-MacBook-Pro.local,timestamp:1723397544
2024-08-11T20:33:58,271 - CPUUtilization.Percent:20.0|#Level:Host|#hostname:guys-MacBook-Pro.local,timestamp:1723397638
2024-08-11T20:33:58,272 - DiskAvailable.Gigabytes:702.5520362854004|#Level:Host|#hostname:guys-MacBook-Pro.local,timestamp:1723397638
2024-08-11T20:33:58,273 - DiskUsage.Gigabytes:13.47397232055664|#Level:Host|#hostname:guys-MacBook-Pro.local,timestamp:1723397638
2024-08-11T20:33:58,273 - DiskUtilization.Percent:1.9|#Level:Host|#hostname:guys-MacBook-Pro.local,timestamp:1723397638
2024-08-11T20:33:58,274 - MemoryAvailable.Megabytes:7594.96875|#Level:Host|#hostname:guys-MacBook-Pro.local,timestamp:1723397638
2024-08-11T20:33:58,274 - MemoryUsed.Megabytes:7236.734375|#Level:Host|#hostname:guys-MacBook-Pro.local,timestamp:1723397638
2024-08-11T20:33:58,274 - MemoryUtilization.Percent:53.6|#Level:Host|#hostname:guys-MacBook-Pro.local,timestamp:1723397638
2024-08-11T20:34:00,150 - ts_inference_requests_total.Count:1.0|#model_name:mobilenet_v3,model_version:default|#hostname:guys-MacBook-Pro.local,timestamp:1723397640
2024-08-11T20:34:29,047 - WorkerLoadTime.Milliseconds:31208.0|#WorkerName:W-9006-mobilenet_v3_1.0,Level:Host|#hostname:guys-MacBook-Pro.local,timestamp:1723397669
2024-08-11T20:34:29,047 - WorkerLoadTime.Milliseconds:31207.0|#WorkerName:W-9010-mobilenet_v3_1.0,Level:Host|#hostname:guys-MacBook-Pro.local,timestamp:1723397669
2024-08-11T20:34:29,047 - WorkerLoadTime.Milliseconds:31208.0|#WorkerName:W-9004-mobilenet_v3_1.0,Level:Host|#hostname:guys-MacBook-Pro.local,timestamp:1723397669
2024-08-11T20:34:29,048 - WorkerThreadTime.Milliseconds:7.0|#Level:Host|#hostname:guys-MacBook-Pro.local,timestamp:1723397669
2024-08-11T20:34:29,049 - WorkerThreadTime.Milliseconds:7.0|#Level:Host|#hostname:guys-MacBook-Pro.local,timestamp:1723397669
2024-08-11T20:34:29,049 - WorkerThreadTime.Milliseconds:7.0|#Level:Host|#hostname:guys-MacBook-Pro.local,timestamp:1723397669
2024-08-11T20:34:29,049 - WorkerLoadTime.Milliseconds:31209.0|#WorkerName:W-9009-mobilenet_v3_1.0,Level:Host|#hostname:guys-MacBook-Pro.local,timestamp:1723397669
2024-08-11T20:34:29,050 - WorkerThreadTime.Milliseconds:6.0|#Level:Host|#hostname:guys-MacBook-Pro.local,timestamp:1723397669
2024-08-11T20:34:29,050 - WorkerLoadTime.Milliseconds:31210.0|#WorkerName:W-9011-mobilenet_v3_1.0,Level:Host|#hostname:guys-MacBook-Pro.local,timestamp:1723397669
2024-08-11T20:34:29,050 - WorkerThreadTime.Milliseconds:2.0|#Level:Host|#hostname:guys-MacBook-Pro.local,timestamp:1723397669
2024-08-11T20:34:29,066 - WorkerLoadTime.Milliseconds:31227.0|#WorkerName:W-9008-mobilenet_v3_1.0,Level:Host|#hostname:guys-MacBook-Pro.local,timestamp:1723397669
2024-08-11T20:34:29,066 - WorkerLoadTime.Milliseconds:31225.0|#WorkerName:W-9013-mobilenet_v3_1.0,Level:Host|#hostname:guys-MacBook-Pro.local,timestamp:1723397669
2024-08-11T20:34:29,066 - WorkerLoadTime.Milliseconds:31227.0|#WorkerName:W-9003-mobilenet_v3_1.0,Level:Host|#hostname:guys-MacBook-Pro.local,timestamp:1723397669
2024-08-11T20:34:29,066 - WorkerThreadTime.Milliseconds:5.0|#Level:Host|#hostname:guys-MacBook-Pro.local,timestamp:1723397669
2024-08-11T20:34:29,066 - WorkerLoadTime.Milliseconds:31225.0|#WorkerName:W-9014-mobilenet_v3_1.0,Level:Host|#hostname:guys-MacBook-Pro.local,timestamp:1723397669
2024-08-11T20:34:29,066 - WorkerLoadTime.Milliseconds:31227.0|#WorkerName:W-9007-mobilenet_v3_1.0,Level:Host|#hostname:guys-MacBook-Pro.local,timestamp:1723397669
2024-08-11T20:34:29,066 - WorkerThreadTime.Milliseconds:6.0|#Level:Host|#hostname:guys-MacBook-Pro.local,timestamp:1723397669
2024-08-11T20:34:29,066 - WorkerThreadTime.Milliseconds:5.0|#Level:Host|#hostname:guys-MacBook-Pro.local,timestamp:1723397669
2024-08-11T20:34:29,067 - WorkerLoadTime.Milliseconds:31228.0|#WorkerName:W-9001-mobilenet_v3_1.0,Level:Host|#hostname:guys-MacBook-Pro.local,timestamp:1723397669
2024-08-11T20:34:29,067 - WorkerThreadTime.Milliseconds:7.0|#Level:Host|#hostname:guys-MacBook-Pro.local,timestamp:1723397669
2024-08-11T20:34:29,067 - WorkerLoadTime.Milliseconds:31226.0|#WorkerName:W-9015-mobilenet_v3_1.0,Level:Host|#hostname:guys-MacBook-Pro.local,timestamp:1723397669
2024-08-11T20:34:29,067 - WorkerThreadTime.Milliseconds:20.0|#Level:Host|#hostname:guys-MacBook-Pro.local,timestamp:1723397669
2024-08-11T20:34:29,067 - WorkerLoadTime.Milliseconds:31229.0|#WorkerName:W-9000-mobilenet_v3_1.0,Level:Host|#hostname:guys-MacBook-Pro.local,timestamp:1723397669
2024-08-11T20:34:29,067 - WorkerLoadTime.Milliseconds:31228.0|#WorkerName:W-9002-mobilenet_v3_1.0,Level:Host|#hostname:guys-MacBook-Pro.local,timestamp:1723397669
2024-08-11T20:34:29,067 - WorkerThreadTime.Milliseconds:5.0|#Level:Host|#hostname:guys-MacBook-Pro.local,timestamp:1723397669
2024-08-11T20:34:29,067 - WorkerThreadTime.Milliseconds:5.0|#Level:Host|#hostname:guys-MacBook-Pro.local,timestamp:1723397669
2024-08-11T20:34:29,067 - WorkerThreadTime.Milliseconds:7.0|#Level:Host|#hostname:guys-MacBook-Pro.local,timestamp:1723397669
2024-08-11T20:34:29,067 - WorkerLoadTime.Milliseconds:31227.0|#WorkerName:W-9012-mobilenet_v3_1.0,Level:Host|#hostname:guys-MacBook-Pro.local,timestamp:1723397669
2024-08-11T20:34:29,067 - WorkerThreadTime.Milliseconds:6.0|#Level:Host|#hostname:guys-MacBook-Pro.local,timestamp:1723397669
2024-08-11T20:34:29,067 - WorkerLoadTime.Milliseconds:31228.0|#WorkerName:W-9005-mobilenet_v3_1.0,Level:Host|#hostname:guys-MacBook-Pro.local,timestamp:1723397669
2024-08-11T20:34:29,067 - WorkerThreadTime.Milliseconds:6.0|#Level:Host|#hostname:guys-MacBook-Pro.local,timestamp:1723397669
2024-08-11T20:34:29,067 - WorkerThreadTime.Milliseconds:5.0|#Level:Host|#hostname:guys-MacBook-Pro.local,timestamp:1723397669
2024-08-11T20:34:29,534 - Requests5XX.Count:1.0|#Level:Host|#hostname:guys-MacBook-Pro.local,timestamp:1723397669
2024-08-11T20:34:29,535 - WorkerThreadTime.Milliseconds:6.0|#Level:Host|#hostname:guys-MacBook-Pro.local,timestamp:1723397669
2024-08-11T20:35:19,342 - CPUUtilization.Percent:50.0|#Level:Host|#hostname:guys-MacBook-Pro.local,timestamp:1723397719
2024-08-11T20:35:19,342 - DiskAvailable.Gigabytes:702.5506019592285|#Level:Host|#hostname:guys-MacBook-Pro.local,timestamp:1723397719
2024-08-11T20:35:19,343 - DiskUsage.Gigabytes:13.47397232055664|#Level:Host|#hostname:guys-MacBook-Pro.local,timestamp:1723397719
2024-08-11T20:35:19,343 - DiskUtilization.Percent:1.9|#Level:Host|#hostname:guys-MacBook-Pro.local,timestamp:1723397719
2024-08-11T20:35:19,343 - MemoryAvailable.Megabytes:7385.4140625|#Level:Host|#hostname:guys-MacBook-Pro.local,timestamp:1723397719
2024-08-11T20:35:19,344 - MemoryUsed.Megabytes:7302.64453125|#Level:Host|#hostname:guys-MacBook-Pro.local,timestamp:1723397719
2024-08-11T20:35:19,344 - MemoryUtilization.Percent:54.9|#Level:Host|#hostname:guys-MacBook-Pro.local,timestamp:1723397719
2024-08-11T20:35:24,547 - WorkerLoadTime.Milliseconds:5763.0|#WorkerName:W-9006-mobilenet_v3_1.0,Level:Host|#hostname:guys-MacBook-Pro.local,timestamp:1723397724
2024-08-11T20:35:24,546 - WorkerLoadTime.Milliseconds:5761.0|#WorkerName:W-9012-mobilenet_v3_1.0,Level:Host|#hostname:guys-MacBook-Pro.local,timestamp:1723397724
2024-08-11T20:35:24,547 - WorkerLoadTime.Milliseconds:5764.0|#WorkerName:W-9002-mobilenet_v3_1.0,Level:Host|#hostname:guys-MacBook-Pro.local,timestamp:1723397724
2024-08-11T20:35:24,547 - WorkerLoadTime.Milliseconds:5764.0|#WorkerName:W-9000-mobilenet_v3_1.0,Level:Host|#hostname:guys-MacBook-Pro.local,timestamp:1723397724
2024-08-11T20:35:24,546 - WorkerLoadTime.Milliseconds:5763.0|#WorkerName:W-9003-mobilenet_v3_1.0,Level:Host|#hostname:guys-MacBook-Pro.local,timestamp:1723397724
2024-08-11T20:35:24,547 - WorkerThreadTime.Milliseconds:4.0|#Level:Host|#hostname:guys-MacBook-Pro.local,timestamp:1723397724
2024-08-11T20:35:24,547 - WorkerThreadTime.Milliseconds:4.0|#Level:Host|#hostname:guys-MacBook-Pro.local,timestamp:1723397724
2024-08-11T20:35:24,547 - WorkerThreadTime.Milliseconds:5.0|#Level:Host|#hostname:guys-MacBook-Pro.local,timestamp:1723397724
2024-08-11T20:35:24,546 - WorkerLoadTime.Milliseconds:5761.0|#WorkerName:W-9011-mobilenet_v3_1.0,Level:Host|#hostname:guys-MacBook-Pro.local,timestamp:1723397724
2024-08-11T20:35:24,546 - WorkerLoadTime.Milliseconds:5762.0|#WorkerName:W-9008-mobilenet_v3_1.0,Level:Host|#hostname:guys-MacBook-Pro.local,timestamp:1723397724
2024-08-11T20:35:24,547 - WorkerThreadTime.Milliseconds:4.0|#Level:Host|#hostname:guys-MacBook-Pro.local,timestamp:1723397724
2024-08-11T20:35:24,547 - WorkerThreadTime.Milliseconds:5.0|#Level:Host|#hostname:guys-MacBook-Pro.local,timestamp:1723397724
2024-08-11T20:35:24,547 - WorkerThreadTime.Milliseconds:4.0|#Level:Host|#hostname:guys-MacBook-Pro.local,timestamp:1723397724
2024-08-11T20:35:24,547 - WorkerThreadTime.Milliseconds:2.0|#Level:Host|#hostname:guys-MacBook-Pro.local,timestamp:1723397724
2024-08-11T20:35:24,546 - WorkerLoadTime.Milliseconds:5760.0|#WorkerName:W-9014-mobilenet_v3_1.0,Level:Host|#hostname:guys-MacBook-Pro.local,timestamp:1723397724
2024-08-11T20:35:24,547 - WorkerLoadTime.Milliseconds:5763.0|#WorkerName:W-9010-mobilenet_v3_1.0,Level:Host|#hostname:guys-MacBook-Pro.local,timestamp:1723397724
2024-08-11T20:35:24,548 - WorkerThreadTime.Milliseconds:3.0|#Level:Host|#hostname:guys-MacBook-Pro.local,timestamp:1723397724
2024-08-11T20:35:24,548 - WorkerThreadTime.Milliseconds:6.0|#Level:Host|#hostname:guys-MacBook-Pro.local,timestamp:1723397724
2024-08-11T20:35:24,552 - WorkerLoadTime.Milliseconds:5766.0|#WorkerName:W-9015-mobilenet_v3_1.0,Level:Host|#hostname:guys-MacBook-Pro.local,timestamp:1723397724
2024-08-11T20:35:24,552 - WorkerLoadTime.Milliseconds:5769.0|#WorkerName:W-9004-mobilenet_v3_1.0,Level:Host|#hostname:guys-MacBook-Pro.local,timestamp:1723397724
2024-08-11T20:35:24,552 - WorkerThreadTime.Milliseconds:4.0|#Level:Host|#hostname:guys-MacBook-Pro.local,timestamp:1723397724
2024-08-11T20:35:24,552 - WorkerThreadTime.Milliseconds:4.0|#Level:Host|#hostname:guys-MacBook-Pro.local,timestamp:1723397724
2024-08-11T20:35:24,552 - WorkerLoadTime.Milliseconds:5768.0|#WorkerName:W-9009-mobilenet_v3_1.0,Level:Host|#hostname:guys-MacBook-Pro.local,timestamp:1723397724
2024-08-11T20:35:24,552 - WorkerThreadTime.Milliseconds:1.0|#Level:Host|#hostname:guys-MacBook-Pro.local,timestamp:1723397724
2024-08-11T20:35:24,555 - WorkerLoadTime.Milliseconds:5772.0|#WorkerName:W-9001-mobilenet_v3_1.0,Level:Host|#hostname:guys-MacBook-Pro.local,timestamp:1723397724
2024-08-11T20:35:24,555 - WorkerThreadTime.Milliseconds:4.0|#Level:Host|#hostname:guys-MacBook-Pro.local,timestamp:1723397724
2024-08-11T20:35:24,558 - WorkerLoadTime.Milliseconds:5773.0|#WorkerName:W-9013-mobilenet_v3_1.0,Level:Host|#hostname:guys-MacBook-Pro.local,timestamp:1723397724
2024-08-11T20:35:24,558 - WorkerThreadTime.Milliseconds:2.0|#Level:Host|#hostname:guys-MacBook-Pro.local,timestamp:1723397724
2024-08-11T20:35:24,559 - WorkerLoadTime.Milliseconds:5775.0|#WorkerName:W-9007-mobilenet_v3_1.0,Level:Host|#hostname:guys-MacBook-Pro.local,timestamp:1723397724
2024-08-11T20:35:24,559 - WorkerThreadTime.Milliseconds:3.0|#Level:Host|#hostname:guys-MacBook-Pro.local,timestamp:1723397724
2024-08-11T20:35:24,559 - WorkerLoadTime.Milliseconds:5776.0|#WorkerName:W-9005-mobilenet_v3_1.0,Level:Host|#hostname:guys-MacBook-Pro.local,timestamp:1723397724
2024-08-11T20:35:24,559 - WorkerThreadTime.Milliseconds:2.0|#Level:Host|#hostname:guys-MacBook-Pro.local,timestamp:1723397724
2024-08-11T20:35:26,196 - ts_inference_requests_total.Count:1.0|#model_name:mobilenet_v3,model_version:default|#hostname:guys-MacBook-Pro.local,timestamp:1723397726
2024-08-11T20:35:26,257 - Requests5XX.Count:1.0|#Level:Host|#hostname:guys-MacBook-Pro.local,timestamp:1723397726
2024-08-11T20:35:26,257 - WorkerThreadTime.Milliseconds:5.0|#Level:Host|#hostname:guys-MacBook-Pro.local,timestamp:1723397726
2024-08-11T20:41:40,634 - CPUUtilization.Percent:100.0|#Level:Host|#hostname:guys-MacBook-Pro.local,timestamp:1723398100
2024-08-11T20:41:40,635 - DiskAvailable.Gigabytes:702.5457801818848|#Level:Host|#hostname:guys-MacBook-Pro.local,timestamp:1723398100
2024-08-11T20:41:40,635 - DiskUsage.Gigabytes:13.47397232055664|#Level:Host|#hostname:guys-MacBook-Pro.local,timestamp:1723398100
2024-08-11T20:41:40,635 - DiskUtilization.Percent:1.9|#Level:Host|#hostname:guys-MacBook-Pro.local,timestamp:1723398100
2024-08-11T20:41:40,636 - MemoryAvailable.Megabytes:7108.5390625|#Level:Host|#hostname:guys-MacBook-Pro.local,timestamp:1723398100
2024-08-11T20:41:40,636 - MemoryUsed.Megabytes:7761.96484375|#Level:Host|#hostname:guys-MacBook-Pro.local,timestamp:1723398100
2024-08-11T20:41:40,636 - MemoryUtilization.Percent:56.6|#Level:Host|#hostname:guys-MacBook-Pro.local,timestamp:1723398100
2024-08-11T20:41:45,631 - WorkerLoadTime.Milliseconds:5520.0|#WorkerName:W-9012-mobilenet_v3_1.0,Level:Host|#hostname:guys-MacBook-Pro.local,timestamp:1723398105
2024-08-11T20:41:45,632 - WorkerLoadTime.Milliseconds:5522.0|#WorkerName:W-9007-mobilenet_v3_1.0,Level:Host|#hostname:guys-MacBook-Pro.local,timestamp:1723398105
2024-08-11T20:41:45,632 - WorkerThreadTime.Milliseconds:3.0|#Level:Host|#hostname:guys-MacBook-Pro.local,timestamp:1723398105
2024-08-11T20:41:45,632 - WorkerThreadTime.Milliseconds:2.0|#Level:Host|#hostname:guys-MacBook-Pro.local,timestamp:1723398105
2024-08-11T20:41:45,632 - WorkerLoadTime.Milliseconds:5523.0|#WorkerName:W-9001-mobilenet_v3_1.0,Level:Host|#hostname:guys-MacBook-Pro.local,timestamp:1723398105
2024-08-11T20:41:45,632 - WorkerLoadTime.Milliseconds:5520.0|#WorkerName:W-9014-mobilenet_v3_1.0,Level:Host|#hostname:guys-MacBook-Pro.local,timestamp:1723398105
2024-08-11T20:41:45,632 - WorkerLoadTime.Milliseconds:5522.0|#WorkerName:W-9005-mobilenet_v3_1.0,Level:Host|#hostname:guys-MacBook-Pro.local,timestamp:1723398105
2024-08-11T20:41:45,632 - WorkerLoadTime.Milliseconds:5524.0|#WorkerName:W-9000-mobilenet_v3_1.0,Level:Host|#hostname:guys-MacBook-Pro.local,timestamp:1723398105
2024-08-11T20:41:45,633 - WorkerThreadTime.Milliseconds:2.0|#Level:Host|#hostname:guys-MacBook-Pro.local,timestamp:1723398105
2024-08-11T20:41:45,633 - WorkerThreadTime.Milliseconds:3.0|#Level:Host|#hostname:guys-MacBook-Pro.local,timestamp:1723398105
2024-08-11T20:41:45,632 - WorkerLoadTime.Milliseconds:5522.0|#WorkerName:W-9002-mobilenet_v3_1.0,Level:Host|#hostname:guys-MacBook-Pro.local,timestamp:1723398105
2024-08-11T20:41:45,633 - WorkerThreadTime.Milliseconds:4.0|#Level:Host|#hostname:guys-MacBook-Pro.local,timestamp:1723398105
2024-08-11T20:41:45,633 - WorkerLoadTime.Milliseconds:5523.0|#WorkerName:W-9004-mobilenet_v3_1.0,Level:Host|#hostname:guys-MacBook-Pro.local,timestamp:1723398105
2024-08-11T20:41:45,633 - WorkerThreadTime.Milliseconds:4.0|#Level:Host|#hostname:guys-MacBook-Pro.local,timestamp:1723398105
2024-08-11T20:41:45,633 - WorkerLoadTime.Milliseconds:5523.0|#WorkerName:W-9006-mobilenet_v3_1.0,Level:Host|#hostname:guys-MacBook-Pro.local,timestamp:1723398105
2024-08-11T20:41:45,633 - WorkerThreadTime.Milliseconds:6.0|#Level:Host|#hostname:guys-MacBook-Pro.local,timestamp:1723398105
2024-08-11T20:41:45,633 - WorkerThreadTime.Milliseconds:4.0|#Level:Host|#hostname:guys-MacBook-Pro.local,timestamp:1723398105
2024-08-11T20:41:45,633 - WorkerLoadTime.Milliseconds:5522.0|#WorkerName:W-9011-mobilenet_v3_1.0,Level:Host|#hostname:guys-MacBook-Pro.local,timestamp:1723398105
2024-08-11T20:41:45,633 - WorkerLoadTime.Milliseconds:5522.0|#WorkerName:W-9009-mobilenet_v3_1.0,Level:Host|#hostname:guys-MacBook-Pro.local,timestamp:1723398105
2024-08-11T20:41:45,633 - WorkerThreadTime.Milliseconds:3.0|#Level:Host|#hostname:guys-MacBook-Pro.local,timestamp:1723398105
2024-08-11T20:41:45,633 - WorkerThreadTime.Milliseconds:4.0|#Level:Host|#hostname:guys-MacBook-Pro.local,timestamp:1723398105
2024-08-11T20:41:45,633 - WorkerLoadTime.Milliseconds:5522.0|#WorkerName:W-9010-mobilenet_v3_1.0,Level:Host|#hostname:guys-MacBook-Pro.local,timestamp:1723398105
2024-08-11T20:41:45,634 - WorkerLoadTime.Milliseconds:5521.0|#WorkerName:W-9015-mobilenet_v3_1.0,Level:Host|#hostname:guys-MacBook-Pro.local,timestamp:1723398105
2024-08-11T20:41:45,634 - WorkerLoadTime.Milliseconds:5523.0|#WorkerName:W-9008-mobilenet_v3_1.0,Level:Host|#hostname:guys-MacBook-Pro.local,timestamp:1723398105
2024-08-11T20:41:45,634 - WorkerThreadTime.Milliseconds:6.0|#Level:Host|#hostname:guys-MacBook-Pro.local,timestamp:1723398105
2024-08-11T20:41:45,634 - WorkerThreadTime.Milliseconds:6.0|#Level:Host|#hostname:guys-MacBook-Pro.local,timestamp:1723398105
2024-08-11T20:41:45,634 - WorkerLoadTime.Milliseconds:5524.0|#WorkerName:W-9003-mobilenet_v3_1.0,Level:Host|#hostname:guys-MacBook-Pro.local,timestamp:1723398105
2024-08-11T20:41:45,634 - WorkerThreadTime.Milliseconds:5.0|#Level:Host|#hostname:guys-MacBook-Pro.local,timestamp:1723398105
2024-08-11T20:41:45,634 - WorkerThreadTime.Milliseconds:5.0|#Level:Host|#hostname:guys-MacBook-Pro.local,timestamp:1723398105
2024-08-11T20:41:45,634 - WorkerLoadTime.Milliseconds:5522.0|#WorkerName:W-9013-mobilenet_v3_1.0,Level:Host|#hostname:guys-MacBook-Pro.local,timestamp:1723398105
2024-08-11T20:41:45,634 - WorkerThreadTime.Milliseconds:5.0|#Level:Host|#hostname:guys-MacBook-Pro.local,timestamp:1723398105
2024-08-11T20:41:45,634 - WorkerThreadTime.Milliseconds:4.0|#Level:Host|#hostname:guys-MacBook-Pro.local,timestamp:1723398105
2024-08-11T20:47:01,563 - CPUUtilization.Percent:0.0|#Level:Host|#hostname:guys-MacBook-Pro.local,timestamp:1723398421
2024-08-11T20:47:01,564 - DiskAvailable.Gigabytes:702.3808708190918|#Level:Host|#hostname:guys-MacBook-Pro.local,timestamp:1723398421
2024-08-11T20:47:01,564 - DiskUsage.Gigabytes:13.47397232055664|#Level:Host|#hostname:guys-MacBook-Pro.local,timestamp:1723398421
2024-08-11T20:47:01,565 - DiskUtilization.Percent:1.9|#Level:Host|#hostname:guys-MacBook-Pro.local,timestamp:1723398421
2024-08-11T20:47:01,566 - MemoryAvailable.Megabytes:6969.984375|#Level:Host|#hostname:guys-MacBook-Pro.local,timestamp:1723398421
2024-08-11T20:47:01,566 - MemoryUsed.Megabytes:7821.06640625|#Level:Host|#hostname:guys-MacBook-Pro.local,timestamp:1723398421
2024-08-11T20:47:01,566 - MemoryUtilization.Percent:57.5|#Level:Host|#hostname:guys-MacBook-Pro.local,timestamp:1723398421
2024-08-11T20:47:13,809 - ts_inference_requests_total.Count:1.0|#model_name:mobilenet_v3,model_version:default|#hostname:guys-MacBook-Pro.local,timestamp:1723398433
2024-08-11T20:47:34,108 - WorkerLoadTime.Milliseconds:32961.0|#WorkerName:W-9011-mobilenet_v3_1.0,Level:Host|#hostname:guys-MacBook-Pro.local,timestamp:1723398454
2024-08-11T20:47:34,108 - WorkerLoadTime.Milliseconds:32959.0|#WorkerName:W-9013-mobilenet_v3_1.0,Level:Host|#hostname:guys-MacBook-Pro.local,timestamp:1723398454
2024-08-11T20:47:34,108 - WorkerLoadTime.Milliseconds:32962.0|#WorkerName:W-9002-mobilenet_v3_1.0,Level:Host|#hostname:guys-MacBook-Pro.local,timestamp:1723398454
2024-08-11T20:47:34,108 - WorkerLoadTime.Milliseconds:32962.0|#WorkerName:W-9007-mobilenet_v3_1.0,Level:Host|#hostname:guys-MacBook-Pro.local,timestamp:1723398454
2024-08-11T20:47:34,127 - WorkerThreadTime.Milliseconds:23.0|#Level:Host|#hostname:guys-MacBook-Pro.local,timestamp:1723398454
2024-08-11T20:47:34,127 - WorkerLoadTime.Milliseconds:32979.0|#WorkerName:W-9015-mobilenet_v3_1.0,Level:Host|#hostname:guys-MacBook-Pro.local,timestamp:1723398454
2024-08-11T20:47:34,127 - WorkerThreadTime.Milliseconds:23.0|#Level:Host|#hostname:guys-MacBook-Pro.local,timestamp:1723398454
2024-08-11T20:47:34,127 - WorkerThreadTime.Milliseconds:24.0|#Level:Host|#hostname:guys-MacBook-Pro.local,timestamp:1723398454
2024-08-11T20:47:34,127 - WorkerThreadTime.Milliseconds:25.0|#Level:Host|#hostname:guys-MacBook-Pro.local,timestamp:1723398454
2024-08-11T20:47:34,127 - WorkerLoadTime.Milliseconds:32979.0|#WorkerName:W-9014-mobilenet_v3_1.0,Level:Host|#hostname:guys-MacBook-Pro.local,timestamp:1723398454
2024-08-11T20:47:34,128 - WorkerThreadTime.Milliseconds:25.0|#Level:Host|#hostname:guys-MacBook-Pro.local,timestamp:1723398454
2024-08-11T20:47:34,128 - WorkerLoadTime.Milliseconds:32981.0|#WorkerName:W-9009-mobilenet_v3_1.0,Level:Host|#hostname:guys-MacBook-Pro.local,timestamp:1723398454
2024-08-11T20:47:34,128 - WorkerLoadTime.Milliseconds:32983.0|#WorkerName:W-9000-mobilenet_v3_1.0,Level:Host|#hostname:guys-MacBook-Pro.local,timestamp:1723398454
2024-08-11T20:47:34,128 - WorkerLoadTime.Milliseconds:32982.0|#WorkerName:W-9008-mobilenet_v3_1.0,Level:Host|#hostname:guys-MacBook-Pro.local,timestamp:1723398454
2024-08-11T20:47:34,128 - WorkerThreadTime.Milliseconds:22.0|#Level:Host|#hostname:guys-MacBook-Pro.local,timestamp:1723398454
2024-08-11T20:47:34,128 - WorkerThreadTime.Milliseconds:4.0|#Level:Host|#hostname:guys-MacBook-Pro.local,timestamp:1723398454
2024-08-11T20:47:34,129 - WorkerLoadTime.Milliseconds:32984.0|#WorkerName:W-9001-mobilenet_v3_1.0,Level:Host|#hostname:guys-MacBook-Pro.local,timestamp:1723398454
2024-08-11T20:47:34,129 - WorkerThreadTime.Milliseconds:26.0|#Level:Host|#hostname:guys-MacBook-Pro.local,timestamp:1723398454
2024-08-11T20:47:34,129 - WorkerLoadTime.Milliseconds:32982.0|#WorkerName:W-9012-mobilenet_v3_1.0,Level:Host|#hostname:guys-MacBook-Pro.local,timestamp:1723398454
2024-08-11T20:47:34,129 - WorkerThreadTime.Milliseconds:6.0|#Level:Host|#hostname:guys-MacBook-Pro.local,timestamp:1723398454
2024-08-11T20:47:34,129 - WorkerLoadTime.Milliseconds:32983.0|#WorkerName:W-9003-mobilenet_v3_1.0,Level:Host|#hostname:guys-MacBook-Pro.local,timestamp:1723398454
2024-08-11T20:47:34,129 - WorkerThreadTime.Milliseconds:5.0|#Level:Host|#hostname:guys-MacBook-Pro.local,timestamp:1723398454
2024-08-11T20:47:34,129 - WorkerThreadTime.Milliseconds:23.0|#Level:Host|#hostname:guys-MacBook-Pro.local,timestamp:1723398454
2024-08-11T20:47:34,129 - WorkerThreadTime.Milliseconds:4.0|#Level:Host|#hostname:guys-MacBook-Pro.local,timestamp:1723398454
2024-08-11T20:47:34,129 - WorkerLoadTime.Milliseconds:32983.0|#WorkerName:W-9004-mobilenet_v3_1.0,Level:Host|#hostname:guys-MacBook-Pro.local,timestamp:1723398454
2024-08-11T20:47:34,129 - WorkerLoadTime.Milliseconds:32983.0|#WorkerName:W-9005-mobilenet_v3_1.0,Level:Host|#hostname:guys-MacBook-Pro.local,timestamp:1723398454
2024-08-11T20:47:34,130 - WorkerThreadTime.Milliseconds:6.0|#Level:Host|#hostname:guys-MacBook-Pro.local,timestamp:1723398454
2024-08-11T20:47:34,130 - WorkerLoadTime.Milliseconds:32982.0|#WorkerName:W-9010-mobilenet_v3_1.0,Level:Host|#hostname:guys-MacBook-Pro.local,timestamp:1723398454
2024-08-11T20:47:34,130 - WorkerThreadTime.Milliseconds:7.0|#Level:Host|#hostname:guys-MacBook-Pro.local,timestamp:1723398454
2024-08-11T20:47:34,130 - WorkerLoadTime.Milliseconds:32984.0|#WorkerName:W-9006-mobilenet_v3_1.0,Level:Host|#hostname:guys-MacBook-Pro.local,timestamp:1723398454
2024-08-11T20:47:34,130 - WorkerThreadTime.Milliseconds:6.0|#Level:Host|#hostname:guys-MacBook-Pro.local,timestamp:1723398454
2024-08-11T20:47:34,130 - WorkerThreadTime.Milliseconds:7.0|#Level:Host|#hostname:guys-MacBook-Pro.local,timestamp:1723398454
2024-08-11T20:47:34,662 - Requests5XX.Count:1.0|#Level:Host|#hostname:guys-MacBook-Pro.local,timestamp:1723398454
2024-08-11T20:47:34,663 - WorkerThreadTime.Milliseconds:6.0|#Level:Host|#hostname:guys-MacBook-Pro.local,timestamp:1723398454
2024-08-11T20:48:01,667 - CPUUtilization.Percent:0.0|#Level:Host|#hostname:guys-MacBook-Pro.local,timestamp:1723398481
2024-08-11T20:48:01,668 - DiskAvailable.Gigabytes:702.3755683898926|#Level:Host|#hostname:guys-MacBook-Pro.local,timestamp:1723398481
2024-08-11T20:48:01,668 - DiskUsage.Gigabytes:13.47397232055664|#Level:Host|#hostname:guys-MacBook-Pro.local,timestamp:1723398481
2024-08-11T20:48:01,668 - DiskUtilization.Percent:1.9|#Level:Host|#hostname:guys-MacBook-Pro.local,timestamp:1723398481
2024-08-11T20:48:01,668 - MemoryAvailable.Megabytes:6108.42578125|#Level:Host|#hostname:guys-MacBook-Pro.local,timestamp:1723398481
2024-08-11T20:48:01,668 - MemoryUsed.Megabytes:8864.35546875|#Level:Host|#hostname:guys-MacBook-Pro.local,timestamp:1723398481
2024-08-11T20:48:01,668 - MemoryUtilization.Percent:62.7|#Level:Host|#hostname:guys-MacBook-Pro.local,timestamp:1723398481
2024-08-11T21:04:20,919 - CPUUtilization.Percent:33.3|#Level:Host|#hostname:guys-MacBook-Pro.local,timestamp:1723399460
2024-08-11T21:04:20,920 - DiskAvailable.Gigabytes:701.7255058288574|#Level:Host|#hostname:guys-MacBook-Pro.local,timestamp:1723399460
2024-08-11T21:04:20,920 - DiskUsage.Gigabytes:13.47397232055664|#Level:Host|#hostname:guys-MacBook-Pro.local,timestamp:1723399460
2024-08-11T21:04:20,921 - DiskUtilization.Percent:1.9|#Level:Host|#hostname:guys-MacBook-Pro.local,timestamp:1723399460
2024-08-11T21:04:20,921 - MemoryAvailable.Megabytes:6217.26953125|#Level:Host|#hostname:guys-MacBook-Pro.local,timestamp:1723399460
2024-08-11T21:04:20,921 - MemoryUsed.Megabytes:8728.28125|#Level:Host|#hostname:guys-MacBook-Pro.local,timestamp:1723399460
2024-08-11T21:04:20,921 - MemoryUtilization.Percent:62.1|#Level:Host|#hostname:guys-MacBook-Pro.local,timestamp:1723399460
2024-08-11T21:04:32,349 - ts_inference_requests_total.Count:1.0|#model_name:mobilenet_v3,model_version:default|#hostname:guys-MacBook-Pro.local,timestamp:1723399472
2024-08-11T21:04:55,813 - WorkerLoadTime.Milliseconds:35359.0|#WorkerName:W-9012-mobilenet_v3_1.0,Level:Host|#hostname:guys-MacBook-Pro.local,timestamp:1723399495
2024-08-11T21:04:55,815 - WorkerLoadTime.Milliseconds:35371.0|#WorkerName:W-9000-mobilenet_v3_1.0,Level:Host|#hostname:guys-MacBook-Pro.local,timestamp:1723399495
2024-08-11T21:04:55,813 - WorkerLoadTime.Milliseconds:35363.0|#WorkerName:W-9002-mobilenet_v3_1.0,Level:Host|#hostname:guys-MacBook-Pro.local,timestamp:1723399495
2024-08-11T21:04:55,813 - WorkerLoadTime.Milliseconds:35359.0|#WorkerName:W-9014-mobilenet_v3_1.0,Level:Host|#hostname:guys-MacBook-Pro.local,timestamp:1723399495
2024-08-11T21:04:55,813 - WorkerLoadTime.Milliseconds:35362.0|#WorkerName:W-9004-mobilenet_v3_1.0,Level:Host|#hostname:guys-MacBook-Pro.local,timestamp:1723399495
2024-08-11T21:04:55,813 - WorkerLoadTime.Milliseconds:35361.0|#WorkerName:W-9007-mobilenet_v3_1.0,Level:Host|#hostname:guys-MacBook-Pro.local,timestamp:1723399495
2024-08-11T21:04:55,813 - WorkerLoadTime.Milliseconds:35360.0|#WorkerName:W-9010-mobilenet_v3_1.0,Level:Host|#hostname:guys-MacBook-Pro.local,timestamp:1723399495
2024-08-11T21:04:55,817 - WorkerThreadTime.Milliseconds:23.0|#Level:Host|#hostname:guys-MacBook-Pro.local,timestamp:1723399495
2024-08-11T21:04:55,813 - WorkerLoadTime.Milliseconds:35360.0|#WorkerName:W-9013-mobilenet_v3_1.0,Level:Host|#hostname:guys-MacBook-Pro.local,timestamp:1723399495
2024-08-11T21:04:55,813 - WorkerLoadTime.Milliseconds:35365.0|#WorkerName:W-9015-mobilenet_v3_1.0,Level:Host|#hostname:guys-MacBook-Pro.local,timestamp:1723399495
2024-08-11T21:04:55,817 - WorkerThreadTime.Milliseconds:7.0|#Level:Host|#hostname:guys-MacBook-Pro.local,timestamp:1723399495
2024-08-11T21:04:55,818 - WorkerThreadTime.Milliseconds:24.0|#Level:Host|#hostname:guys-MacBook-Pro.local,timestamp:1723399495
2024-08-11T21:04:55,818 - WorkerThreadTime.Milliseconds:25.0|#Level:Host|#hostname:guys-MacBook-Pro.local,timestamp:1723399495
2024-08-11T21:04:55,818 - WorkerThreadTime.Milliseconds:24.0|#Level:Host|#hostname:guys-MacBook-Pro.local,timestamp:1723399495
2024-08-11T21:04:55,818 - WorkerThreadTime.Milliseconds:24.0|#Level:Host|#hostname:guys-MacBook-Pro.local,timestamp:1723399495
2024-08-11T21:04:55,817 - WorkerThreadTime.Milliseconds:15.0|#Level:Host|#hostname:guys-MacBook-Pro.local,timestamp:1723399495
2024-08-11T21:04:55,818 - WorkerThreadTime.Milliseconds:12.0|#Level:Host|#hostname:guys-MacBook-Pro.local,timestamp:1723399495
2024-08-11T21:04:55,818 - WorkerThreadTime.Milliseconds:25.0|#Level:Host|#hostname:guys-MacBook-Pro.local,timestamp:1723399495
2024-08-11T21:04:55,818 - WorkerLoadTime.Milliseconds:35374.0|#WorkerName:W-9001-mobilenet_v3_1.0,Level:Host|#hostname:guys-MacBook-Pro.local,timestamp:1723399495
2024-08-11T21:04:55,819 - WorkerThreadTime.Milliseconds:5.0|#Level:Host|#hostname:guys-MacBook-Pro.local,timestamp:1723399495
2024-08-11T21:04:55,819 - WorkerLoadTime.Milliseconds:35375.0|#WorkerName:W-9003-mobilenet_v3_1.0,Level:Host|#hostname:guys-MacBook-Pro.local,timestamp:1723399495
2024-08-11T21:04:55,819 - WorkerThreadTime.Milliseconds:4.0|#Level:Host|#hostname:guys-MacBook-Pro.local,timestamp:1723399495
2024-08-11T21:04:55,821 - WorkerLoadTime.Milliseconds:35376.0|#WorkerName:W-9009-mobilenet_v3_1.0,Level:Host|#hostname:guys-MacBook-Pro.local,timestamp:1723399495
2024-08-11T21:04:55,821 - WorkerThreadTime.Milliseconds:4.0|#Level:Host|#hostname:guys-MacBook-Pro.local,timestamp:1723399495
2024-08-11T21:04:55,821 - WorkerLoadTime.Milliseconds:35376.0|#WorkerName:W-9008-mobilenet_v3_1.0,Level:Host|#hostname:guys-MacBook-Pro.local,timestamp:1723399495
2024-08-11T21:04:55,822 - WorkerThreadTime.Milliseconds:4.0|#Level:Host|#hostname:guys-MacBook-Pro.local,timestamp:1723399495
2024-08-11T21:04:55,826 - WorkerLoadTime.Milliseconds:35381.0|#WorkerName:W-9005-mobilenet_v3_1.0,Level:Host|#hostname:guys-MacBook-Pro.local,timestamp:1723399495
2024-08-11T21:04:55,826 - WorkerLoadTime.Milliseconds:35381.0|#WorkerName:W-9006-mobilenet_v3_1.0,Level:Host|#hostname:guys-MacBook-Pro.local,timestamp:1723399495
2024-08-11T21:04:55,827 - WorkerThreadTime.Milliseconds:5.0|#Level:Host|#hostname:guys-MacBook-Pro.local,timestamp:1723399495
2024-08-11T21:04:55,827 - WorkerThreadTime.Milliseconds:5.0|#Level:Host|#hostname:guys-MacBook-Pro.local,timestamp:1723399495
2024-08-11T21:04:55,830 - WorkerLoadTime.Milliseconds:35384.0|#WorkerName:W-9011-mobilenet_v3_1.0,Level:Host|#hostname:guys-MacBook-Pro.local,timestamp:1723399495
2024-08-11T21:04:55,830 - WorkerThreadTime.Milliseconds:5.0|#Level:Host|#hostname:guys-MacBook-Pro.local,timestamp:1723399495
2024-08-11T21:04:56,345 - Requests5XX.Count:1.0|#Level:Host|#hostname:guys-MacBook-Pro.local,timestamp:1723399496
2024-08-11T21:04:56,346 - WorkerThreadTime.Milliseconds:12.0|#Level:Host|#hostname:guys-MacBook-Pro.local,timestamp:1723399496
2024-08-11T21:05:20,998 - CPUUtilization.Percent:0.0|#Level:Host|#hostname:guys-MacBook-Pro.local,timestamp:1723399520
2024-08-11T21:05:20,998 - DiskAvailable.Gigabytes:700.7116737365723|#Level:Host|#hostname:guys-MacBook-Pro.local,timestamp:1723399520
2024-08-11T21:05:20,999 - DiskUsage.Gigabytes:13.47397232055664|#Level:Host|#hostname:guys-MacBook-Pro.local,timestamp:1723399520
2024-08-11T21:05:20,999 - DiskUtilization.Percent:1.9|#Level:Host|#hostname:guys-MacBook-Pro.local,timestamp:1723399520
2024-08-11T21:05:20,999 - MemoryAvailable.Megabytes:6747.78125|#Level:Host|#hostname:guys-MacBook-Pro.local,timestamp:1723399520
2024-08-11T21:05:20,999 - MemoryUsed.Megabytes:9053.38671875|#Level:Host|#hostname:guys-MacBook-Pro.local,timestamp:1723399520
2024-08-11T21:05:20,999 - MemoryUtilization.Percent:58.8|#Level:Host|#hostname:guys-MacBook-Pro.local,timestamp:1723399520
2024-08-11T21:06:20,928 - CPUUtilization.Percent:0.0|#Level:Host|#hostname:guys-MacBook-Pro.local,timestamp:1723399580
2024-08-11T21:06:20,929 - DiskAvailable.Gigabytes:700.7028884887695|#Level:Host|#hostname:guys-MacBook-Pro.local,timestamp:1723399580
2024-08-11T21:06:20,929 - DiskUsage.Gigabytes:13.47397232055664|#Level:Host|#hostname:guys-MacBook-Pro.local,timestamp:1723399580
2024-08-11T21:06:20,929 - DiskUtilization.Percent:1.9|#Level:Host|#hostname:guys-MacBook-Pro.local,timestamp:1723399580
2024-08-11T21:06:20,929 - MemoryAvailable.Megabytes:6514.83203125|#Level:Host|#hostname:guys-MacBook-Pro.local,timestamp:1723399580
2024-08-11T21:06:20,929 - MemoryUsed.Megabytes:9200.53125|#Level:Host|#hostname:guys-MacBook-Pro.local,timestamp:1723399580
2024-08-11T21:06:20,930 - MemoryUtilization.Percent:60.2|#Level:Host|#hostname:guys-MacBook-Pro.local,timestamp:1723399580
2024-08-11T21:07:20,934 - CPUUtilization.Percent:0.0|#Level:Host|#hostname:guys-MacBook-Pro.local,timestamp:1723399640
2024-08-11T21:07:20,934 - DiskAvailable.Gigabytes:700.7028465270996|#Level:Host|#hostname:guys-MacBook-Pro.local,timestamp:1723399640
2024-08-11T21:07:20,934 - DiskUsage.Gigabytes:13.47397232055664|#Level:Host|#hostname:guys-MacBook-Pro.local,timestamp:1723399640
2024-08-11T21:07:20,934 - DiskUtilization.Percent:1.9|#Level:Host|#hostname:guys-MacBook-Pro.local,timestamp:1723399640
2024-08-11T21:07:20,934 - MemoryAvailable.Megabytes:6479.11328125|#Level:Host|#hostname:guys-MacBook-Pro.local,timestamp:1723399640
2024-08-11T21:07:20,935 - MemoryUsed.Megabytes:9217.1875|#Level:Host|#hostname:guys-MacBook-Pro.local,timestamp:1723399640
2024-08-11T21:07:20,935 - MemoryUtilization.Percent:60.5|#Level:Host|#hostname:guys-MacBook-Pro.local,timestamp:1723399640
2024-08-11T21:08:20,979 - CPUUtilization.Percent:16.7|#Level:Host|#hostname:guys-MacBook-Pro.local,timestamp:1723399700
2024-08-11T21:08:20,980 - DiskAvailable.Gigabytes:700.7043418884277|#Level:Host|#hostname:guys-MacBook-Pro.local,timestamp:1723399700
2024-08-11T21:08:20,980 - DiskUsage.Gigabytes:13.47397232055664|#Level:Host|#hostname:guys-MacBook-Pro.local,timestamp:1723399700
2024-08-11T21:08:20,980 - DiskUtilization.Percent:1.9|#Level:Host|#hostname:guys-MacBook-Pro.local,timestamp:1723399700
2024-08-11T21:08:20,980 - MemoryAvailable.Megabytes:6557.859375|#Level:Host|#hostname:guys-MacBook-Pro.local,timestamp:1723399700
2024-08-11T21:08:20,980 - MemoryUsed.Megabytes:9123.37109375|#Level:Host|#hostname:guys-MacBook-Pro.local,timestamp:1723399700
2024-08-11T21:08:20,980 - MemoryUtilization.Percent:60.0|#Level:Host|#hostname:guys-MacBook-Pro.local,timestamp:1723399700
2024-08-11T21:09:20,925 - CPUUtilization.Percent:0.0|#Level:Host|#hostname:guys-MacBook-Pro.local,timestamp:1723399760
2024-08-11T21:09:20,925 - DiskAvailable.Gigabytes:700.7011528015137|#Level:Host|#hostname:guys-MacBook-Pro.local,timestamp:1723399760
2024-08-11T21:09:20,926 - DiskUsage.Gigabytes:13.47397232055664|#Level:Host|#hostname:guys-MacBook-Pro.local,timestamp:1723399760
2024-08-11T21:09:20,926 - DiskUtilization.Percent:1.9|#Level:Host|#hostname:guys-MacBook-Pro.local,timestamp:1723399760
2024-08-11T21:09:20,926 - MemoryAvailable.Megabytes:6611.9921875|#Level:Host|#hostname:guys-MacBook-Pro.local,timestamp:1723399760
2024-08-11T21:09:20,926 - MemoryUsed.Megabytes:9060.69140625|#Level:Host|#hostname:guys-MacBook-Pro.local,timestamp:1723399760
2024-08-11T21:09:20,926 - MemoryUtilization.Percent:59.6|#Level:Host|#hostname:guys-MacBook-Pro.local,timestamp:1723399760
